RUN	mock.CatsScalaSimulation	catsscalasimulation	1726434079767	 	3.9.5
USER	create	START	1726434079881
USER	delete	START	1726434079886
USER	custom	START	1726434079893
REQUEST		myRpc-50	1726434080035	1726434080092	OK	 
REQUEST		myRpc-75	1726434080113	1726434080188	KO	mock/custom-rpc.feature:15 match response == { success: false }
REQUEST		myRpc-100	1726434080203	1726434080311	OK	 
USER	custom	END	1726434080317
REQUEST	delete cats	GET /cats	1726434080110	1726434080339	OK	 
GROUP	delete cats	1726434079839	1726434080355	0	OK
USER	delete	END	1726434080355
USER	create	START	1726434080392
USER	custom	START	1726434080392
REQUEST		POST /cats	1726434080110	1726434080407	OK	 
REQUEST		GET /cats/{id}	1726434080413	1726434080459	KO	mock/cats-create.feature:19 match response == { id: '#(id)', name: 'Billi' }
USER	create	END	1726434080471
REQUEST		myRpc-50	1726434080419	1726434080481	OK	 
REQUEST		POST /cats	1726434080453	1726434080493	OK	 
REQUEST		GET /cats/{id}	1726434080501	1726434080530	KO	mock/cats-create.feature:19 match response == { id: '#(id)', name: 'Billi' }
USER	create	END	1726434080534
REQUEST		myRpc-75	1726434080492	1726434080568	KO	mock/custom-rpc.feature:15 match response == { success: false }
REQUEST		myRpc-100	1726434080577	1726434080682	OK	 
USER	custom	END	1726434080684
USER	custom	START	1726434080831
USER	delete	START	1726434080831
USER	create	START	1726434080831
REQUEST		myRpc-50	1726434080867	1726434080920	OK	 
REQUEST		POST /cats	1726434080907	1726434080945	OK	 
REQUEST		GET /cats/{id}	1726434080950	1726434080984	KO	mock/cats-create.feature:19 match response == { id: '#(id)', name: 'Billi' }
USER	create	END	1726434080990
REQUEST		myRpc-75	1726434080933	1726434081008	KO	mock/custom-rpc.feature:15 match response == { success: false }
REQUEST		myRpc-100	1726434081018	1726434081121	OK	 
USER	custom	END	1726434081123
USER	create	START	1726434081334
USER	custom	START	1726434081334
REQUEST		myRpc-50	1726434081372	1726434081437	OK	 
REQUEST		POST /cats	1726434081402	1726434081449	OK	 
REQUEST		GET /cats/{id}	1726434081456	1726434081487	KO	mock/cats-create.feature:19 match response == { id: '#(id)', name: 'Billi' }
USER	create	END	1726434081492
REQUEST		myRpc-75	1726434081447	1726434081523	KO	mock/custom-rpc.feature:15 match response == { success: false }
REQUEST		myRpc-100	1726434081536	1726434081646	OK	 
USER	custom	END	1726434081649
USER	custom	START	1726434081828
USER	delete	START	1726434081859
USER	create	START	1726434081864
REQUEST	delete cats	DELETE /cats/{id}	1726434080934	1726434081830	OK	 
REQUEST	delete cats	cats-get-404	1726434081841	1726434081911	OK	 
REQUEST		myRpc-50	1726434081891	1726434081945	OK	 
REQUEST		POST /cats	1726434081936	1726434081976	OK	 
REQUEST		GET /cats/{id}	1726434081979	1726434081993	KO	mock/cats-create.feature:19 match response == { id: '#(id)', name: 'Billi' }
USER	create	END	1726434081996
REQUEST		myRpc-75	1726434081952	1726434082028	KO	mock/custom-rpc.feature:15 match response == { success: false }
REQUEST		myRpc-100	1726434082036	1726434082144	OK	 
USER	custom	END	1726434082147
USER	custom	START	1726434082329
USER	create	START	1726434082330
REQUEST		myRpc-50	1726434082365	1726434082417	OK	 
REQUEST		POST /cats	1726434082403	1726434082411	OK	 
REQUEST		GET /cats/{id}	1726434082414	1726434082420	KO	mock/cats-create.feature:19 match response == { id: '#(id)', name: 'Billi' }
USER	create	END	1726434082422
REQUEST		myRpc-75	1726434082421	1726434082497	KO	mock/custom-rpc.feature:15 match response == { success: false }
REQUEST		myRpc-100	1726434082501	1726434082604	OK	 
USER	custom	END	1726434082606
USER	custom	START	1726434082832
USER	create	START	1726434082832
USER	delete	START	1726434082832
REQUEST	delete cats	DELETE /cats/{id}	1726434081917	1726434082838	OK	 
REQUEST	delete cats	cats-get-404	1726434082843	1726434082858	OK	 
REQUEST	delete cats	GET /cats	1726434080890	1726434080923	OK	 
GROUP	delete cats	1726434080826	1726434082859	0	OK
USER	delete	END	1726434082859
REQUEST	delete cats	DELETE /cats/{id}	1726434081965	1726434082857	OK	 
REQUEST	delete cats	cats-get-404	1726434082861	1726434082870	OK	 
REQUEST		POST /cats	1726434082889	1726434082903	OK	 
REQUEST		GET /cats/{id}	1726434082907	1726434082915	KO	mock/cats-create.feature:19 match response == { id: '#(id)', name: 'Billi' }
USER	create	END	1726434082916
REQUEST		myRpc-50	1726434082857	1726434082919	OK	 
REQUEST		myRpc-75	1726434082924	1726434083000	KO	mock/custom-rpc.feature:15 match response == { success: false }
REQUEST		myRpc-100	1726434083021	1726434083133	OK	 
USER	custom	END	1726434083133
USER	custom	START	1726434083330
USER	create	START	1726434083331
REQUEST		POST /cats	1726434083386	1726434083396	OK	 
REQUEST		GET /cats/{id}	1726434083399	1726434083406	KO	mock/cats-create.feature:19 match response == { id: '#(id)', name: 'Billi' }
USER	create	END	1726434083408
REQUEST		myRpc-50	1726434083356	1726434083415	OK	 
REQUEST		myRpc-75	1726434083419	1726434083495	KO	mock/custom-rpc.feature:15 match response == { success: false }
REQUEST		myRpc-100	1726434083507	1726434083618	OK	 
USER	custom	END	1726434083621
REQUEST	delete cats	DELETE /cats/{id}	1726434082876	1726434083745	OK	 
REQUEST	delete cats	cats-get-404	1726434083751	1726434083775	OK	 
REQUEST	delete cats	DELETE /cats/{id}	1726434082904	1726434083771	OK	 
REQUEST	delete cats	cats-get-404	1726434083777	1726434083788	OK	 
USER	create	START	1726434083830
USER	delete	START	1726434083831
USER	custom	START	1726434083831
REQUEST		myRpc-50	1726434083897	1726434083951	OK	 
REQUEST		POST /cats	1726434083920	1726434083940	OK	 
REQUEST		GET /cats/{id}	1726434083943	1726434083958	KO	mock/cats-create.feature:19 match response == { id: '#(id)', name: 'Billi' }
USER	create	END	1726434083964
REQUEST		myRpc-75	1726434083962	1726434084038	KO	mock/custom-rpc.feature:15 match response == { success: false }
REQUEST		myRpc-100	1726434084041	1726434084148	OK	 
USER	custom	END	1726434084150
USER	create	START	1726434084335
USER	custom	START	1726434084335
REQUEST		POST /cats	1726434084380	1726434084390	OK	 
REQUEST		GET /cats/{id}	1726434084393	1726434084399	KO	mock/cats-create.feature:19 match response == { id: '#(id)', name: 'Billi' }
USER	create	END	1726434084403
REQUEST		myRpc-50	1726434084347	1726434084412	OK	 
REQUEST		myRpc-75	1726434084454	1726434084530	KO	mock/custom-rpc.feature:15 match response == { success: false }
REQUEST		myRpc-100	1726434084542	1726434084644	OK	 
USER	custom	END	1726434084644
REQUEST	delete cats	DELETE /cats/{id}	1726434083795	1726434084660	OK	 
REQUEST	delete cats	cats-get-404	1726434084663	1726434084669	OK	 
REQUEST	delete cats	DELETE /cats/{id}	1726434083781	1726434084660	OK	 
REQUEST	delete cats	cats-get-404	1726434084663	1726434084674	OK	 
REQUEST	delete cats	GET /cats	1726434081917	1726434081954	OK	 
GROUP	delete cats	1726434081834	1726434084674	0	OK
USER	delete	END	1726434084674
REQUEST	delete cats	DELETE /cats/{id}	1726434083914	1726434084785	OK	 
REQUEST	delete cats	cats-get-404	1726434084791	1726434084806	OK	 
REQUEST	delete cats	DELETE /cats/{id}	1726434084673	1726434085540	OK	 
REQUEST	delete cats	cats-get-404	1726434085545	1726434085555	OK	 
REQUEST	delete cats	GET /cats	1726434082888	1726434082896	OK	 
GROUP	delete cats	1726434082824	1726434085556	0	OK
USER	delete	END	1726434085556
REQUEST	delete cats	DELETE /cats/{id}	1726434084816	1726434085692	OK	 
REQUEST	delete cats	cats-get-404	1726434085694	1726434085698	OK	 
REQUEST	delete cats	DELETE /cats/{id}	1726434085701	1726434086572	OK	 
REQUEST	delete cats	cats-get-404	1726434086575	1726434086583	OK	 
REQUEST	delete cats	GET /cats	1726434083890	1726434083905	OK	 
GROUP	delete cats	1726434083822	1726434086583	0	OK
USER	delete	END	1726434086583
