RUN	mock.CatsSimulationWithSilentWarmUp	catssimulationwithsilentwarmup	1726434105360	 	3.9.5
USER	custom warm-up	START	1726434105477
USER	delete warm-up	START	1726434105482
USER	create warm-up	START	1726434105486
USER	custom warm-up	END	1726434105907
USER	create warm-up	END	1726434106091
USER	custom	START	1726434106478
USER	create	START	1726434106478
REQUEST		myRpc-50	1726434106502	1726434106565	OK	 
REQUEST		POST /cats	1726434106536	1726434106563	OK	 
REQUEST		GET /cats/{id}	1726434106567	1726434106592	KO	mock/cats-create.feature:19 match response == { id: '#(id)', name: 'Billi' }
USER	create	END	1726434106600
REQUEST		myRpc-75	1726434106574	1726434106650	KO	mock/custom-rpc.feature:15 match response == { success: false }
REQUEST		myRpc-100	1726434106655	1726434106765	OK	 
USER	custom	END	1726434106768
USER	create	START	1726434106942
USER	custom	START	1726434106942
USER	delete warm-up	END	1726434107001
REQUEST		myRpc-50	1726434106962	1726434107017	OK	 
REQUEST		POST /cats	1726434107001	1726434107027	OK	 
REQUEST		GET /cats/{id}	1726434107030	1726434107052	KO	mock/cats-create.feature:19 match response == { id: '#(id)', name: 'Billi' }
USER	create	END	1726434107056
REQUEST		myRpc-75	1726434107022	1726434107098	KO	mock/custom-rpc.feature:15 match response == { success: false }
REQUEST		myRpc-100	1726434107102	1726434107218	OK	 
USER	custom	END	1726434107219
USER	delete	START	1726434107427
USER	custom	START	1726434107441
USER	create	START	1726434107441
REQUEST		myRpc-50	1726434107464	1726434107516	OK	 
REQUEST		POST /cats	1726434107499	1726434107526	OK	 
REQUEST		GET /cats/{id}	1726434107530	1726434107549	KO	mock/cats-create.feature:19 match response == { id: '#(id)', name: 'Billi' }
USER	create	END	1726434107552
REQUEST		myRpc-75	1726434107522	1726434107597	KO	mock/custom-rpc.feature:15 match response == { success: false }
REQUEST		myRpc-100	1726434107601	1726434107715	OK	 
USER	custom	END	1726434107717
USER	custom	START	1726434107941
USER	create	START	1726434107941
REQUEST		myRpc-50	1726434107951	1726434108014	OK	 
REQUEST		POST /cats	1726434107983	1726434107995	OK	 
REQUEST		GET /cats/{id}	1726434107997	1726434108016	KO	mock/cats-create.feature:19 match response == { id: '#(id)', name: 'Billi' }
USER	create	END	1726434108019
REQUEST		myRpc-75	1726434108018	1726434108095	KO	mock/custom-rpc.feature:15 match response == { success: false }
REQUEST		myRpc-100	1726434108104	1726434108216	OK	 
USER	custom	END	1726434108218
REQUEST	delete cats	DELETE /cats/{id}	1726434107497	1726434108375	OK	 
REQUEST	delete cats	cats-get-404	1726434108379	1726434108385	OK	 
USER	delete	START	1726434108438
USER	custom	START	1726434108439
USER	create	START	1726434108439
REQUEST		POST /cats	1726434108482	1726434108493	OK	 
REQUEST		GET /cats/{id}	1726434108495	1726434108502	KO	mock/cats-create.feature:19 match response == { id: '#(id)', name: 'Billi' }
USER	create	END	1726434108504
REQUEST		myRpc-50	1726434108450	1726434108513	OK	 
REQUEST		myRpc-75	1726434108520	1726434108597	KO	mock/custom-rpc.feature:15 match response == { success: false }
REQUEST		myRpc-100	1726434108611	1726434108715	OK	 
USER	custom	END	1726434108717
USER	custom	START	1726434108940
USER	create	START	1726434108940
REQUEST		POST /cats	1726434108981	1726434108990	OK	 
REQUEST		GET /cats/{id}	1726434108993	1726434108998	KO	mock/cats-create.feature:19 match response == { id: '#(id)', name: 'Billi' }
USER	create	END	1726434109000
REQUEST		myRpc-50	1726434108950	1726434109009	OK	 
REQUEST		myRpc-75	1726434109024	1726434109100	KO	mock/custom-rpc.feature:15 match response == { success: false }
REQUEST		myRpc-100	1726434109105	1726434109214	OK	 
USER	custom	END	1726434109217
REQUEST	delete cats	DELETE /cats/{id}	1726434108389	1726434109262	OK	 
REQUEST	delete cats	cats-get-404	1726434109268	1726434109285	OK	 
REQUEST	delete cats	GET /cats	1726434107461	1726434107488	OK	 
GROUP	delete cats	1726434107422	1726434109287	0	OK
USER	delete	END	1726434109287
REQUEST	delete cats	DELETE /cats/{id}	1726434108482	1726434109339	OK	 
REQUEST	delete cats	cats-get-404	1726434109342	1726434109347	OK	 
USER	delete	START	1726434109437
USER	custom	START	1726434109437
USER	create	START	1726434109437
REQUEST		POST /cats	1726434109480	1726434109495	OK	 
REQUEST		GET /cats/{id}	1726434109497	1726434109505	KO	mock/cats-create.feature:19 match response == { id: '#(id)', name: 'Billi' }
USER	create	END	1726434109507
REQUEST		myRpc-50	1726434109452	1726434109515	OK	 
REQUEST		myRpc-75	1726434109521	1726434109597	KO	mock/custom-rpc.feature:15 match response == { success: false }
REQUEST		myRpc-100	1726434109609	1726434109716	OK	 
USER	custom	END	1726434109719
USER	create	START	1726434109931
USER	custom	START	1726434109931
REQUEST		POST /cats	1726434109993	1726434110003	OK	 
REQUEST		GET /cats/{id}	1726434110005	1726434110012	KO	mock/cats-create.feature:19 match response == { id: '#(id)', name: 'Billi' }
USER	create	END	1726434110014
REQUEST		myRpc-50	1726434109957	1726434110025	OK	 
REQUEST		myRpc-75	1726434110037	1726434110113	KO	mock/custom-rpc.feature:15 match response == { success: false }
REQUEST		myRpc-100	1726434110120	1726434110225	OK	 
USER	custom	END	1726434110226
REQUEST	delete cats	DELETE /cats/{id}	1726434109350	1726434110211	OK	 
REQUEST	delete cats	cats-get-404	1726434110214	1726434110227	OK	 
REQUEST	delete cats	GET /cats	1726434108469	1726434108477	OK	 
GROUP	delete cats	1726434108435	1726434110228	0	OK
USER	delete	END	1726434110228
REQUEST	delete cats	DELETE /cats/{id}	1726434109494	1726434110352	OK	 
REQUEST	delete cats	cats-get-404	1726434110357	1726434110377	OK	 
USER	delete	START	1726434110437
USER	custom	START	1726434110438
USER	create	START	1726434110438
REQUEST		myRpc-50	1726434110545	1726434110604	OK	 
REQUEST		POST /cats	1726434110606	1726434110622	OK	 
REQUEST		GET /cats/{id}	1726434110627	1726434110647	KO	mock/cats-create.feature:19 match response == { id: '#(id)', name: 'Billi' }
USER	create	END	1726434110656
REQUEST		myRpc-75	1726434110617	1726434110693	KO	mock/custom-rpc.feature:15 match response == { success: false }
REQUEST		myRpc-100	1726434110714	1726434110824	OK	 
USER	custom	END	1726434110826
USER	custom	START	1726434110937
USER	create	START	1726434110937
REQUEST		myRpc-50	1726434110942	1726434110995	OK	 
REQUEST		POST /cats	1726434110981	1726434110988	OK	 
REQUEST		GET /cats/{id}	1726434110991	1726434110997	KO	mock/cats-create.feature:19 match response == { id: '#(id)', name: 'Billi' }
USER	create	END	1726434111000
REQUEST		myRpc-75	1726434110999	1726434111076	KO	mock/custom-rpc.feature:15 match response == { success: false }
REQUEST		myRpc-100	1726434111081	1726434111195	OK	 
USER	custom	END	1726434111196
REQUEST	delete cats	DELETE /cats/{id}	1726434110383	1726434111257	OK	 
REQUEST	delete cats	cats-get-404	1726434111260	1726434111266	OK	 
REQUEST	delete cats	GET /cats	1726434109480	1726434109487	OK	 
GROUP	delete cats	1726434109433	1726434111266	0	OK
USER	delete	END	1726434111266
REQUEST	delete cats	DELETE /cats/{id}	1726434110523	1726434111398	OK	 
REQUEST	delete cats	cats-get-404	1726434111404	1726434111416	OK	 
USER	delete	START	1726434111431
REQUEST	delete cats	DELETE /cats/{id}	1726434111421	1726434112283	OK	 
REQUEST	delete cats	cats-get-404	1726434112285	1726434112289	OK	 
REQUEST	delete cats	GET /cats	1726434110490	1726434110509	OK	 
GROUP	delete cats	1726434110429	1726434112290	0	OK
USER	delete	END	1726434112290
REQUEST	delete cats	DELETE /cats/{id}	1726434111471	1726434112330	OK	 
REQUEST	delete cats	cats-get-404	1726434112332	1726434112336	OK	 
REQUEST	delete cats	DELETE /cats/{id}	1726434112339	1726434113208	OK	 
REQUEST	delete cats	cats-get-404	1726434113213	1726434113217	OK	 
REQUEST	delete cats	GET /cats	1726434111460	1726434111465	OK	 
GROUP	delete cats	1726434111428	1726434113218	0	OK
USER	delete	END	1726434113218
