ASSERTION	AAMAAQ1jcmVhdGVBbmRSZWFkAgADBQAAAAAAAAAAAA==
RUN	mock.CatsChainedScalaSimulation	catschainedscalasimulation	1726434058502	 	3.9.5
USER	createAndRead	START	1726434058598
USER	createAndRead	START	1726434059100
REQUEST	createAndRead	POST /cats	1726434058882	1726434059129	OK	 
REQUEST	createAndRead	POST /cats	1726434059133	1726434059170	OK	 
REQUEST	createAndRead	GET /cats/{id}	1726434059184	1726434059226	OK	 
GROUP	createAndRead	1726434058595	1726434059234	0	OK
USER	createAndRead	END	1726434059242
REQUEST	createAndRead	GET /cats/{id}	1726434059261	1726434059300	OK	 
GROUP	createAndRead	1726434059099	1726434059304	0	OK
USER	createAndRead	END	1726434059304
USER	createAndRead	START	1726434059588
REQUEST	createAndRead	POST /cats	1726434059634	1726434059656	OK	 
REQUEST	createAndRead	GET /cats/{id}	1726434059673	1726434059694	OK	 
GROUP	createAndRead	1726434059588	1726434059704	0	OK
USER	createAndRead	END	1726434059705
USER	createAndRead	START	1726434060101
REQUEST	createAndRead	POST /cats	1726434060141	1726434060163	OK	 
REQUEST	createAndRead	GET /cats/{id}	1726434060180	1726434060202	OK	 
GROUP	createAndRead	1726434060101	1726434060205	0	OK
USER	createAndRead	END	1726434060206
USER	createAndRead	START	1726434060600
REQUEST	createAndRead	POST /cats	1726434060640	1726434060661	OK	 
REQUEST	createAndRead	GET /cats/{id}	1726434060676	1726434060696	OK	 
GROUP	createAndRead	1726434060600	1726434060701	0	OK
USER	createAndRead	END	1726434060701
USER	createAndRead	START	1726434061091
REQUEST	createAndRead	POST /cats	1726434061109	1726434061139	OK	 
REQUEST	createAndRead	GET /cats/{id}	1726434061173	1726434061198	OK	 
GROUP	createAndRead	1726434061091	1726434061202	0	OK
USER	createAndRead	END	1726434061202
USER	createAndRead	START	1726434061582
REQUEST	createAndRead	POST /cats	1726434061607	1726434061632	OK	 
REQUEST	createAndRead	GET /cats/{id}	1726434061646	1726434061664	OK	 
GROUP	createAndRead	1726434061582	1726434061667	0	OK
USER	createAndRead	END	1726434061667
USER	createAndRead	START	1726434062093
REQUEST	createAndRead	POST /cats	1726434062127	1726434062144	OK	 
REQUEST	createAndRead	GET /cats/{id}	1726434062161	1726434062176	OK	 
GROUP	createAndRead	1726434062092	1726434062177	0	OK
USER	createAndRead	END	1726434062177
USER	createAndRead	START	1726434062582
REQUEST	createAndRead	POST /cats	1726434062607	1726434062633	OK	 
REQUEST	createAndRead	GET /cats/{id}	1726434062648	1726434062654	OK	 
GROUP	createAndRead	1726434062582	1726434062657	0	OK
USER	createAndRead	END	1726434062657
USER	createAndRead	START	1726434063085
REQUEST	createAndRead	POST /cats	1726434063094	1726434063104	OK	 
REQUEST	createAndRead	GET /cats/{id}	1726434063120	1726434063136	OK	 
GROUP	createAndRead	1726434063085	1726434063138	0	OK
USER	createAndRead	END	1726434063138
