RUN	mock.CatsSimulation	catssimulation	1726434092895	 	3.9.5
USER	create	START	1726434093039
USER	custom	START	1726434093044
USER	delete	START	1726434093048
REQUEST		myRpc-50	1726434093250	1726434093315	OK	 
REQUEST		myRpc-75	1726434093440	1726434093515	KO	mock/custom-rpc.feature:15 match response == { success: false }
USER	custom	START	1726434093624
USER	create	START	1726434093630
REQUEST		myRpc-100	1726434093611	1726434093714	OK	 
USER	custom	END	1726434093720
REQUEST		myRpc-50	1726434093673	1726434093725	OK	 
REQUEST		myRpc-75	1726434093736	1726434093812	KO	mock/custom-rpc.feature:15 match response == { success: false }
REQUEST		myRpc-100	1726434093838	1726434093943	OK	 
REQUEST	delete cats	GET /cats	1726434093529	1726434093947	OK	 
GROUP	delete cats	1726434092979	1726434093974	0	OK
USER	custom	END	1726434093977
USER	create	START	1726434093986
USER	delete	END	1726434093989
USER	custom	START	1726434094019
USER	delete	START	1726434094071
REQUEST		myRpc-50	1726434094079	1726434094129	OK	 
REQUEST		myRpc-75	1726434094176	1726434094256	KO	mock/custom-rpc.feature:15 match response == { success: false }
REQUEST		POST /cats	1726434094093	1726434094177	OK	 
REQUEST		GET /cats/{id}	1726434094191	1726434094333	KO	mock/cats-create.feature:19 match response == { id: '#(id)', name: 'Billi' }
USER	create	END	1726434094341
REQUEST		POST /cats	1726434093529	1726434094141	OK	 
REQUEST		GET /cats/{id}	1726434094153	1726434094377	KO	mock/cats-create.feature:19 match response == { id: '#(id)', name: 'Billi' }
USER	create	END	1726434094396
REQUEST		myRpc-100	1726434094293	1726434094400	OK	 
USER	custom	END	1726434094414
REQUEST		POST /cats	1726434093710	1726434094264	OK	 
REQUEST		GET /cats/{id}	1726434094274	1726434094469	KO	mock/cats-create.feature:19 match response == { id: '#(id)', name: 'Billi' }
USER	create	END	1726434094479
USER	custom	START	1726434094490
USER	create	START	1726434094497
REQUEST		myRpc-50	1726434094531	1726434094583	OK	 
REQUEST		POST /cats	1726434094592	1726434094631	OK	 
REQUEST		GET /cats/{id}	1726434094634	1726434094661	KO	mock/cats-create.feature:19 match response == { id: '#(id)', name: 'Billi' }
USER	create	END	1726434094664
REQUEST		myRpc-75	1726434094593	1726434094669	KO	mock/custom-rpc.feature:15 match response == { success: false }
REQUEST		myRpc-100	1726434094685	1726434094786	OK	 
USER	custom	END	1726434094785
USER	create	START	1726434094968
USER	custom	START	1726434094968
USER	delete	START	1726434094968
REQUEST		myRpc-50	1726434094988	1726434095043	OK	 
REQUEST		myRpc-75	1726434095064	1726434095141	KO	mock/custom-rpc.feature:15 match response == { success: false }
REQUEST		POST /cats	1726434095040	1726434095109	OK	 
REQUEST		GET /cats/{id}	1726434095114	1726434095159	KO	mock/cats-create.feature:19 match response == { id: '#(id)', name: 'Billi' }
USER	create	END	1726434095163
REQUEST		myRpc-100	1726434095152	1726434095255	OK	 
USER	custom	END	1726434095254
REQUEST	delete cats	DELETE /cats/{id}	1726434094444	1726434095401	OK	 
REQUEST	delete cats	cats-get-404	1726434095410	1726434095436	OK	 
USER	create	START	1726434095474
USER	custom	START	1726434095474
REQUEST		myRpc-50	1726434095521	1726434095573	OK	 
REQUEST		POST /cats	1726434095557	1726434095566	OK	 
REQUEST		GET /cats/{id}	1726434095571	1726434095581	KO	mock/cats-create.feature:19 match response == { id: '#(id)', name: 'Billi' }
USER	create	END	1726434095586
REQUEST		myRpc-75	1726434095579	1726434095656	KO	mock/custom-rpc.feature:15 match response == { success: false }
REQUEST		myRpc-100	1726434095664	1726434095773	OK	 
USER	custom	END	1726434095773
USER	custom	START	1726434095982
USER	create	START	1726434095983
USER	delete	START	1726434095983
REQUEST	delete cats	DELETE /cats/{id}	1726434095083	1726434095999	OK	 
REQUEST	delete cats	cats-get-404	1726434096009	1726434096037	OK	 
REQUEST		POST /cats	1726434096070	1726434096088	OK	 
REQUEST		GET /cats/{id}	1726434096091	1726434096098	KO	mock/cats-create.feature:19 match response == { id: '#(id)', name: 'Billi' }
USER	create	END	1726434096099
REQUEST		myRpc-50	1726434096040	1726434096100	OK	 
REQUEST		myRpc-75	1726434096104	1726434096180	KO	mock/custom-rpc.feature:15 match response == { success: false }
REQUEST		myRpc-100	1726434096186	1726434096286	OK	 
USER	custom	END	1726434096286
REQUEST	delete cats	DELETE /cats/{id}	1726434095444	1726434096325	OK	 
REQUEST	delete cats	cats-get-404	1726434096325	1726434096349	OK	 
USER	create	START	1726434096467
USER	custom	START	1726434096468
REQUEST		POST /cats	1726434096541	1726434096552	OK	 
REQUEST		GET /cats/{id}	1726434096553	1726434096560	KO	mock/cats-create.feature:19 match response == { id: '#(id)', name: 'Billi' }
USER	create	END	1726434096561
REQUEST		myRpc-50	1726434096511	1726434096571	OK	 
REQUEST		myRpc-75	1726434096576	1726434096652	KO	mock/custom-rpc.feature:15 match response == { success: false }
REQUEST		myRpc-100	1726434096656	1726434096757	OK	 
USER	custom	END	1726434096756
REQUEST	delete cats	DELETE /cats/{id}	1726434096045	1726434096915	OK	 
REQUEST	delete cats	cats-get-404	1726434096917	1726434096923	OK	 
REQUEST	delete cats	DELETE /cats/{id}	1726434096073	1726434096946	OK	 
REQUEST	delete cats	cats-get-404	1726434096951	1726434096956	OK	 
USER	delete	START	1726434096963
USER	create	START	1726434096963
USER	custom	START	1726434096963
REQUEST		POST /cats	1726434097007	1726434097016	OK	 
REQUEST		GET /cats/{id}	1726434097018	1726434097023	KO	mock/cats-create.feature:19 match response == { id: '#(id)', name: 'Billi' }
USER	create	END	1726434097023
REQUEST		myRpc-50	1726434096980	1726434097038	OK	 
REQUEST		myRpc-75	1726434097053	1726434097129	KO	mock/custom-rpc.feature:15 match response == { success: false }
REQUEST	delete cats	DELETE /cats/{id}	1726434096358	1726434097224	OK	 
REQUEST	delete cats	cats-get-404	1726434097228	1726434097246	OK	 
REQUEST	delete cats	GET /cats	1726434094158	1726434094423	OK	 
GROUP	delete cats	1726434093974	1726434097246	0	OK
USER	delete	END	1726434097247
REQUEST		myRpc-100	1726434097139	1726434097254	OK	 
USER	custom	END	1726434097254
USER	custom	START	1726434097462
USER	create	START	1726434097462
REQUEST		myRpc-50	1726434097491	1726434097549	OK	 
REQUEST		POST /cats	1726434097520	1726434097543	OK	 
REQUEST		GET /cats/{id}	1726434097551	1726434097563	KO	mock/cats-create.feature:19 match response == { id: '#(id)', name: 'Billi' }
USER	create	END	1726434097567
REQUEST		myRpc-75	1726434097559	1726434097635	KO	mock/custom-rpc.feature:15 match response == { success: false }
REQUEST		myRpc-100	1726434097638	1726434097753	OK	 
USER	custom	END	1726434097751
REQUEST	delete cats	DELETE /cats/{id}	1726434096927	1726434097798	OK	 
REQUEST	delete cats	cats-get-404	1726434097800	1726434097805	OK	 
REQUEST	delete cats	GET /cats	1726434095013	1726434095066	OK	 
GROUP	delete cats	1726434094964	1726434097804	0	OK
USER	delete	END	1726434097804
REQUEST	delete cats	DELETE /cats/{id}	1726434096959	1726434097829	OK	 
REQUEST	delete cats	cats-get-404	1726434097831	1726434097835	OK	 
REQUEST	delete cats	DELETE /cats/{id}	1726434097006	1726434097876	OK	 
REQUEST	delete cats	cats-get-404	1726434097879	1726434097885	OK	 
REQUEST	delete cats	DELETE /cats/{id}	1726434097838	1726434098701	OK	 
REQUEST	delete cats	cats-get-404	1726434098704	1726434098708	OK	 
REQUEST	delete cats	GET /cats	1726434096057	1726434096064	OK	 
GROUP	delete cats	1726434095974	1726434098707	0	OK
USER	delete	END	1726434098707
REQUEST	delete cats	DELETE /cats/{id}	1726434097889	1726434098747	OK	 
REQUEST	delete cats	cats-get-404	1726434098749	1726434098754	OK	 
REQUEST	delete cats	DELETE /cats/{id}	1726434098757	1726434099628	OK	 
REQUEST	delete cats	cats-get-404	1726434099629	1726434099637	OK	 
REQUEST	delete cats	GET /cats	1726434096994	1726434097002	OK	 
GROUP	delete cats	1726434096959	1726434099636	0	OK
USER	delete	END	1726434099636
