ASSERTION	AAMAAQ1jcmVhdGVBbmRSZWFkAgADBQAAAAAAAAAAAA==
RUN	mock.CatsChainedSimulation	catschainedsimulation	1726434068921	 	3.9.5
USER	createAndRead	START	1726434069015
REQUEST	createAndRead	POST /cats	1726434069215	1726434069443	OK	 
USER	createAndRead	START	1726434069507
REQUEST	createAndRead	GET /cats/{id}	1726434069478	1726434069511	OK	 
GROUP	createAndRead	1726434069013	1726434069516	0	OK
USER	createAndRead	END	1726434069519
REQUEST	createAndRead	POST /cats	1726434069536	1726434069570	OK	 
REQUEST	createAndRead	GET /cats/{id}	1726434069614	1726434069651	OK	 
GROUP	createAndRead	1726434069507	1726434069654	0	OK
USER	createAndRead	END	1726434069655
USER	createAndRead	START	1726434070015
REQUEST	createAndRead	POST /cats	1726434070038	1726434070062	OK	 
REQUEST	createAndRead	GET /cats/{id}	1726434070083	1726434070103	OK	 
GROUP	createAndRead	1726434070015	1726434070105	0	OK
USER	createAndRead	END	1726434070105
USER	createAndRead	START	1726434070511
REQUEST	createAndRead	POST /cats	1726434070534	1726434070557	OK	 
REQUEST	createAndRead	GET /cats/{id}	1726434070578	1726434070598	OK	 
GROUP	createAndRead	1726434070510	1726434070600	0	OK
USER	createAndRead	END	1726434070601
USER	createAndRead	START	1726434071016
REQUEST	createAndRead	POST /cats	1726434071030	1726434071054	OK	 
REQUEST	createAndRead	GET /cats/{id}	1726434071075	1726434071101	OK	 
GROUP	createAndRead	1726434071016	1726434071105	0	OK
USER	createAndRead	END	1726434071105
USER	createAndRead	START	1726434071506
REQUEST	createAndRead	POST /cats	1726434071537	1726434071573	OK	 
REQUEST	createAndRead	GET /cats/{id}	1726434071606	1726434071625	OK	 
GROUP	createAndRead	1726434071505	1726434071628	0	OK
USER	createAndRead	END	1726434071629
USER	createAndRead	START	1726434072012
REQUEST	createAndRead	POST /cats	1726434072025	1726434072048	OK	 
REQUEST	createAndRead	GET /cats/{id}	1726434072071	1726434072091	OK	 
GROUP	createAndRead	1726434072011	1726434072095	0	OK
USER	createAndRead	END	1726434072095
USER	createAndRead	START	1726434072514
REQUEST	createAndRead	POST /cats	1726434072526	1726434072544	OK	 
REQUEST	createAndRead	GET /cats/{id}	1726434072558	1726434072572	OK	 
GROUP	createAndRead	1726434072514	1726434072575	0	OK
USER	createAndRead	END	1726434072575
USER	createAndRead	START	1726434073010
REQUEST	createAndRead	POST /cats	1726434073058	1726434073075	OK	 
REQUEST	createAndRead	GET /cats/{id}	1726434073095	1726434073104	OK	 
GROUP	createAndRead	1726434073009	1726434073106	0	OK
USER	createAndRead	END	1726434073106
USER	createAndRead	START	1726434073507
REQUEST	createAndRead	POST /cats	1726434073517	1726434073523	OK	 
REQUEST	createAndRead	GET /cats/{id}	1726434073544	1726434073551	OK	 
GROUP	createAndRead	1726434073507	1726434073555	0	OK
USER	createAndRead	END	1726434073555
